<?xml version="1.0" encoding="UTF-8"?>
<!-- Generated by org.testng.reporters.JUnitXMLReporter -->
<testsuite ignored="0" hostname="LAPTOP-LRA4M34E" failures="4" tests="5" name="OpencartTest" time="30.854" errors="0" timestamp="2023-06-05T21:54:38 IST">
  <testcase classname="testCases.TC_003_LoginDDT" name="test_loginddt" time="14.243"/>
  <testcase classname="testCases.TC_003_LoginDDT" name="test_loginddt" time="0.016">
    <failure type="java.lang.AssertionError" message="null">
      <![CDATA[java.lang.AssertionError: null
at testCases.TC_003_LoginDDT.test_loginddt(TC_003_LoginDDT.java:53)
at java.base/java.util.ArrayList.forEach(ArrayList.java:1541)
... Removed 29 stack frames]]>
    </failure>
  </testcase> <!-- test_loginddt -->
  <testcase classname="testCases.TC_003_LoginDDT" name="test_loginddt" time="0.019">
    <failure type="java.lang.AssertionError" message="null">
      <![CDATA[java.lang.AssertionError: null
at testCases.TC_003_LoginDDT.test_loginddt(TC_003_LoginDDT.java:53)
at java.base/java.util.ArrayList.forEach(ArrayList.java:1541)
... Removed 29 stack frames]]>
    </failure>
  </testcase> <!-- test_loginddt -->
  <testcase classname="testCases.TC_003_LoginDDT" name="test_loginddt" time="0.004">
    <failure type="java.lang.AssertionError" message="null">
      <![CDATA[java.lang.AssertionError: null
at testCases.TC_003_LoginDDT.test_loginddt(TC_003_LoginDDT.java:53)
at java.base/java.util.ArrayList.forEach(ArrayList.java:1541)
... Removed 29 stack frames]]>
    </failure>
  </testcase> <!-- test_loginddt -->
  <testcase classname="testCases.TC_003_LoginDDT" name="test_loginddt" time="0.016">
    <failure type="java.lang.AssertionError" message="null">
      <![CDATA[java.lang.AssertionError: null
at testCases.TC_003_LoginDDT.test_loginddt(TC_003_LoginDDT.java:53)
at java.base/java.util.ArrayList.forEach(ArrayList.java:1541)
... Removed 29 stack frames]]>
    </failure>
  </testcase> <!-- test_loginddt -->
</testsuite> <!-- OpencartTest -->
